<?xml version="1.0" encoding="UTF-8"?>
<testsuite name="Flujo de Atención de Paciente en RLApp-V2" tests="1" skipped="0" failures="0" errors="0" timestamp="2026-03-20T09:20:47" hostname="psofka0813.sofka.local" time="4.837">
  <properties/>
  <testcase name="Ciclo completo de atención médica" classname="Flujo de Atención de Paciente en RLApp-V2" time="4.837"/>
  <system-out><![CDATA[
Scenario: Ciclo completo de atención médica                 ?[90m# src/test/resources/features/flujo_atencion_paciente.feature:6?[0m
  ?[32mGiven ?[0m?[32mque el personal médico se autentica en el sistema?[0m   ?[90m# com.sofka.stepdefinitions.FlujoPacienteStepDefinitions.queElPersonalMedicoSeAutenticaEnElSistema()?[0m
  ?[32mWhen ?[0m?[32mse registra la llegada de un paciente a recepción?[0m    ?[90m# com.sofka.stepdefinitions.FlujoPacienteStepDefinitions.seRegistraLaLlegadaDeUnPacienteARecepcion()?[0m
  ?[32mAnd ?[0m?[32mel administrador médica activa una de las salas?[0m       ?[90m# com.sofka.stepdefinitions.FlujoPacienteStepDefinitions.elAdministradorMedicaActivaUnaDeLasSalas()?[0m
  ?[32mAnd ?[0m?[32mel doctor llama al siguiente paciente en la sala?[0m      ?[90m# com.sofka.stepdefinitions.FlujoPacienteStepDefinitions.elDoctorLlamaAlSiguientePacienteEnLaSala()?[0m
  ?[32mAnd ?[0m?[32mel doctor finaliza la consulta médica exitosamente?[0m    ?[90m# com.sofka.stepdefinitions.FlujoPacienteStepDefinitions.elDoctorFinalizaLaConsultaMedicaExitosamente()?[0m
  ?[32mThen ?[0m?[32mel paciente debe figurar como atendido en el sistema?[0m ?[90m# com.sofka.stepdefinitions.FlujoPacienteStepDefinitions.elPacienteDebeFigurarComoAtendidoEnElSistema()?[0m
]]></system-out>
  <system-err><![CDATA[[Test worker] INFO  - 
  _____   ___   ___   _____     ___   _____     _     ___   _____   ___   ___  
 |_   _| | __| / __| |_   _|   / __| |_   _|   /_\   | _ \ |_   _| | __| |   \ 
   | |   | _|  \__ \   | |     \__ \   | |    / _ \  |   /   | |   | _|  | |) |
   |_|   |___| |___/   |_|     |___/   |_|   /_/ \_\ |_|_\   |_|   |___| |___/ 

Ciclo completo de atención médica(flujo-de-atención-de-paciente-en-rlapp-v2;ciclo-completo-de-atención-médica)
--------------------------------------------------------------------------------
[Test worker] INFO  - ?[92m|-- Given que el personal médico se autentica en el sistema?[0m
[Test worker] INFO  - ?[92m|---- Doctoradmin autenticar staff?[0m
[Test worker] INFO  - ?[92m|------ DoctorAdmin executes a POST on the resource /api/staff/auth/login?[0m
[Test worker] INFO  - ?[92m|---- Then C&oacute;digo de login should be (200)?[0m
[Test worker] INFO  - ?[92m|-- When se registra la llegada de un paciente a recepción?[0m
[Test worker] INFO  - ?[92m|---- Doctoradmin registrar paciente?[0m
[Test worker] INFO  - ?[92m|------ DoctorAdmin executes a POST on the resource /api/reception/register?[0m
[Test worker] INFO  - ?[92m|---- Then C&oacute;digo al registrar should be (200)?[0m
[Test worker] INFO  - ?[92m|-- And el administrador médica activa una de las salas?[0m
[Test worker] INFO  - ?[92m|---- Doctoradmin activar consultorio?[0m
[Test worker] INFO  - ?[92m|------ DoctorAdmin executes a POST on the resource /api/medical/consulting-room/activate?[0m
[Test worker] INFO  - ?[92m|---- Then C&oacute;digo al activar sala should be (200)?[0m
[Test worker] INFO  - ?[92m|-- And el doctor llama al siguiente paciente en la sala?[0m
[Test worker] INFO  - ?[92m|---- Doctoradmin llamar paciente?[0m
[Test worker] INFO  - ?[92m|------ DoctorAdmin executes a POST on the resource /api/waiting-room/claim-next?[0m
[Test worker] INFO  - ?[92m|---- Then C&oacute;digo al reclamar turno should be (200)?[0m
[Test worker] INFO  - ?[92m|-- And el doctor finaliza la consulta médica exitosamente?[0m
[Test worker] INFO  - ?[92m|---- Doctoradmin finalizar consulta?[0m
[Test worker] INFO  - ?[92m|------ DoctorAdmin executes a POST on the resource /api/medical/finish-consultation?[0m
[Test worker] INFO  - ?[92m|---- Then C&oacute;digo al finalizar consulta should be (200)?[0m
[Test worker] INFO  - ?[92m|-- Then el paciente debe figurar como atendido en el sistema?[0m
[Test worker] INFO  - ?[92m|---- Then Mantenimiento de Status Final OK should be (200)?[0m
[Test worker] INFO  - ?[92m
  _____   ___   ___   _____     ___     _     ___   ___   ___   ___  
 |_   _| | __| / __| |_   _|   | _ \   /_\   / __| / __| | __| |   \ 
   | |   | _|  \__ \   | |     |  _/  / _ \  \__ \ \__ \ | _|  | |) |
   |_|   |___| |___/   |_|     |_|   /_/ \_\ |___/ |___/ |___| |___/ 

Ciclo completo de atención médica
----------------------------------------------------------------------?[0m
]]></system-err>
</testsuite>
